<?xml version="1.0" encoding="UTF-8"?>
<!-- Generated by org.testng.reporters.JUnitReportReporter -->
<testsuite hostname="DESKTOP-6894EN5" failures="0" tests="2" name="automation_casestudy.testng" time="43.567" errors="0" timestamp="29 Nov 2022 11:13:50 GMT">
  <testcase classname="automation_casestudy.testng" name="tc" time="12.145"/>
  <testcase classname="automation_casestudy.testng" name="tc1" time="31.422"/>
</testsuite> <!-- automation_casestudy.testng -->
